-------------------------------------------------------------------------------
Test set: org.zerock.service.BoardServiceTests
-------------------------------------------------------------------------------
Tests run: 6, Failures: 0, Errors: 6, Skipped: 0, Time elapsed: 0.249 s <<< FAILURE! - in org.zerock.service.BoardServiceTests
testGet(org.zerock.service.BoardServiceTests)  Time elapsed: 0 s  <<< ERROR!
java.lang.IllegalStateException: Failed to load ApplicationContext
Caused by: org.springframework.beans.factory.BeanCreationException: Error creating bean with name 'dataSource' defined in URL [file:/Users/yeonjinoh/Documents/springStudy/ex02/src/main/webapp/WEB-INF/spring/applicationContext.xml]: Bean instantiation via constructor failed; nested exception is org.springframework.beans.BeanInstantiationException: Failed to instantiate [com.zaxxer.hikari.HikariDataSource]: Constructor threw exception; nested exception is java.lang.RuntimeException: Driver net.sf.log4jdbc.sql.jdbcapi.DriverSpy claims to not accept jdbcUrl, jdbc:log4jdbc:oracle:thin:@localhost:1521:xe
Caused by: org.springframework.beans.BeanInstantiationException: Failed to instantiate [com.zaxxer.hikari.HikariDataSource]: Constructor threw exception; nested exception is java.lang.RuntimeException: Driver net.sf.log4jdbc.sql.jdbcapi.DriverSpy claims to not accept jdbcUrl, jdbc:log4jdbc:oracle:thin:@localhost:1521:xe
Caused by: java.lang.RuntimeException: Driver net.sf.log4jdbc.sql.jdbcapi.DriverSpy claims to not accept jdbcUrl, jdbc:log4jdbc:oracle:thin:@localhost:1521:xe

testExist(org.zerock.service.BoardServiceTests)  Time elapsed: 0 s  <<< ERROR!
java.lang.IllegalStateException: Failed to load ApplicationContext
Caused by: org.springframework.beans.factory.BeanCreationException: Error creating bean with name 'dataSource' defined in URL [file:/Users/yeonjinoh/Documents/springStudy/ex02/src/main/webapp/WEB-INF/spring/applicationContext.xml]: Bean instantiation via constructor failed; nested exception is org.springframework.beans.BeanInstantiationException: Failed to instantiate [com.zaxxer.hikari.HikariDataSource]: Constructor threw exception; nested exception is java.lang.RuntimeException: Driver net.sf.log4jdbc.sql.jdbcapi.DriverSpy claims to not accept jdbcUrl, jdbc:log4jdbc:oracle:thin:@localhost:1521:xe
Caused by: org.springframework.beans.BeanInstantiationException: Failed to instantiate [com.zaxxer.hikari.HikariDataSource]: Constructor threw exception; nested exception is java.lang.RuntimeException: Driver net.sf.log4jdbc.sql.jdbcapi.DriverSpy claims to not accept jdbcUrl, jdbc:log4jdbc:oracle:thin:@localhost:1521:xe
Caused by: java.lang.RuntimeException: Driver net.sf.log4jdbc.sql.jdbcapi.DriverSpy claims to not accept jdbcUrl, jdbc:log4jdbc:oracle:thin:@localhost:1521:xe

testGetList(org.zerock.service.BoardServiceTests)  Time elapsed: 0 s  <<< ERROR!
java.lang.IllegalStateException: Failed to load ApplicationContext
Caused by: org.springframework.beans.factory.BeanCreationException: Error creating bean with name 'dataSource' defined in URL [file:/Users/yeonjinoh/Documents/springStudy/ex02/src/main/webapp/WEB-INF/spring/applicationContext.xml]: Bean instantiation via constructor failed; nested exception is org.springframework.beans.BeanInstantiationException: Failed to instantiate [com.zaxxer.hikari.HikariDataSource]: Constructor threw exception; nested exception is java.lang.RuntimeException: Driver net.sf.log4jdbc.sql.jdbcapi.DriverSpy claims to not accept jdbcUrl, jdbc:log4jdbc:oracle:thin:@localhost:1521:xe
Caused by: org.springframework.beans.BeanInstantiationException: Failed to instantiate [com.zaxxer.hikari.HikariDataSource]: Constructor threw exception; nested exception is java.lang.RuntimeException: Driver net.sf.log4jdbc.sql.jdbcapi.DriverSpy claims to not accept jdbcUrl, jdbc:log4jdbc:oracle:thin:@localhost:1521:xe
Caused by: java.lang.RuntimeException: Driver net.sf.log4jdbc.sql.jdbcapi.DriverSpy claims to not accept jdbcUrl, jdbc:log4jdbc:oracle:thin:@localhost:1521:xe

testRegister(org.zerock.service.BoardServiceTests)  Time elapsed: 0 s  <<< ERROR!
java.lang.IllegalStateException: Failed to load ApplicationContext
Caused by: org.springframework.beans.factory.BeanCreationException: Error creating bean with name 'dataSource' defined in URL [file:/Users/yeonjinoh/Documents/springStudy/ex02/src/main/webapp/WEB-INF/spring/applicationContext.xml]: Bean instantiation via constructor failed; nested exception is org.springframework.beans.BeanInstantiationException: Failed to instantiate [com.zaxxer.hikari.HikariDataSource]: Constructor threw exception; nested exception is java.lang.RuntimeException: Driver net.sf.log4jdbc.sql.jdbcapi.DriverSpy claims to not accept jdbcUrl, jdbc:log4jdbc:oracle:thin:@localhost:1521:xe
Caused by: org.springframework.beans.BeanInstantiationException: Failed to instantiate [com.zaxxer.hikari.HikariDataSource]: Constructor threw exception; nested exception is java.lang.RuntimeException: Driver net.sf.log4jdbc.sql.jdbcapi.DriverSpy claims to not accept jdbcUrl, jdbc:log4jdbc:oracle:thin:@localhost:1521:xe
Caused by: java.lang.RuntimeException: Driver net.sf.log4jdbc.sql.jdbcapi.DriverSpy claims to not accept jdbcUrl, jdbc:log4jdbc:oracle:thin:@localhost:1521:xe

testDelete(org.zerock.service.BoardServiceTests)  Time elapsed: 0 s  <<< ERROR!
java.lang.IllegalStateException: Failed to load ApplicationContext
Caused by: org.springframework.beans.factory.BeanCreationException: Error creating bean with name 'dataSource' defined in URL [file:/Users/yeonjinoh/Documents/springStudy/ex02/src/main/webapp/WEB-INF/spring/applicationContext.xml]: Bean instantiation via constructor failed; nested exception is org.springframework.beans.BeanInstantiationException: Failed to instantiate [com.zaxxer.hikari.HikariDataSource]: Constructor threw exception; nested exception is java.lang.RuntimeException: Driver net.sf.log4jdbc.sql.jdbcapi.DriverSpy claims to not accept jdbcUrl, jdbc:log4jdbc:oracle:thin:@localhost:1521:xe
Caused by: org.springframework.beans.BeanInstantiationException: Failed to instantiate [com.zaxxer.hikari.HikariDataSource]: Constructor threw exception; nested exception is java.lang.RuntimeException: Driver net.sf.log4jdbc.sql.jdbcapi.DriverSpy claims to not accept jdbcUrl, jdbc:log4jdbc:oracle:thin:@localhost:1521:xe
Caused by: java.lang.RuntimeException: Driver net.sf.log4jdbc.sql.jdbcapi.DriverSpy claims to not accept jdbcUrl, jdbc:log4jdbc:oracle:thin:@localhost:1521:xe

testUpdate(org.zerock.service.BoardServiceTests)  Time elapsed: 0 s  <<< ERROR!
java.lang.IllegalStateException: Failed to load ApplicationContext
Caused by: org.springframework.beans.factory.BeanCreationException: Error creating bean with name 'dataSource' defined in URL [file:/Users/yeonjinoh/Documents/springStudy/ex02/src/main/webapp/WEB-INF/spring/applicationContext.xml]: Bean instantiation via constructor failed; nested exception is org.springframework.beans.BeanInstantiationException: Failed to instantiate [com.zaxxer.hikari.HikariDataSource]: Constructor threw exception; nested exception is java.lang.RuntimeException: Driver net.sf.log4jdbc.sql.jdbcapi.DriverSpy claims to not accept jdbcUrl, jdbc:log4jdbc:oracle:thin:@localhost:1521:xe
Caused by: org.springframework.beans.BeanInstantiationException: Failed to instantiate [com.zaxxer.hikari.HikariDataSource]: Constructor threw exception; nested exception is java.lang.RuntimeException: Driver net.sf.log4jdbc.sql.jdbcapi.DriverSpy claims to not accept jdbcUrl, jdbc:log4jdbc:oracle:thin:@localhost:1521:xe
Caused by: java.lang.RuntimeException: Driver net.sf.log4jdbc.sql.jdbcapi.DriverSpy claims to not accept jdbcUrl, jdbc:log4jdbc:oracle:thin:@localhost:1521:xe

